<?xml version="1.0" encoding="UTF-8" ?>
<testsuite errors="0" failures="0" hostname="NDIA-HOME" name="com.mgiandia.library.ui.LoanPresenterTest" tests="7" time="2.117" timestamp="2012-10-27T16:28:01">
  <properties>
[...]
</properties>
  <testcase classname="com.mgiandia.library.ui.LoanPresenterTest" name="wiring" time="1.937" />
  <testcase classname="com.mgiandia.library.ui.LoanPresenterTest" name="findBorrowerWhenIdDoesNotExist" time="0.02" />
  <testcase classname="com.mgiandia.library.ui.LoanPresenterTest" name="findBorrowerWhenIdExists" time="0.02" />
  <testcase classname="com.mgiandia.library.ui.LoanPresenterTest" name="findItemWhenIdDoesNotExist" time="0.02" />
  <testcase classname="com.mgiandia.library.ui.LoanPresenterTest" name="findItemWhenIdExists" time="0.01" />
  <testcase classname="com.mgiandia.library.ui.LoanPresenterTest" name="performLoan" time="0.03" />
  <testcase classname="com.mgiandia.library.ui.LoanPresenterTest" name="cancel" time="0.01" />
  <system-out><![CDATA[collecting runtime coverage data ...
]]></system-out>
  <system-err><![CDATA[0 [main] INFO org.hibernate.cfg.annotations.Version - Hibernate Annotations 3.5.2-Final
10 [main] INFO org.hibernate.cfg.Environment - Hibernate 3.5.2-Final
10 [main] INFO org.hibernate.cfg.Environment - hibernate.properties not found
20 [main] INFO org.hibernate.cfg.Environment - Bytecode provider name : javassist
20 [main] INFO org.hibernate.cfg.Environment - using JDK 1.4 java.sql.Timestamp handling
120 [main] INFO org.hibernate.annotations.common.Version - Hibernate Commons Annotations 3.2.0.Final
130 [main] INFO org.hibernate.ejb.Version - Hibernate EntityManager 3.5.2-Final
540 [main] INFO org.hibernate.cfg.AnnotationBinder - Binding entity from annotated class: com.mgiandia.library.domain.Publisher
580 [main] INFO org.hibernate.cfg.annotations.EntityBinder - Bind entity com.mgiandia.library.domain.Publisher on table publishers
630 [main] INFO org.hibernate.cfg.AnnotationBinder - Binding entity from annotated class: com.mgiandia.library.domain.Borrower
630 [main] INFO org.hibernate.cfg.annotations.EntityBinder - Bind entity com.mgiandia.library.domain.Borrower on table borrowers
680 [main] INFO org.hibernate.cfg.AnnotationBinder - Binding entity from annotated class: com.mgiandia.library.domain.Item
680 [main] INFO org.hibernate.cfg.annotations.EntityBinder - Bind entity com.mgiandia.library.domain.Item on table items
690 [main] INFO org.hibernate.cfg.AnnotationBinder - Binding entity from annotated class: com.mgiandia.library.domain.BorrowerCategory
690 [main] INFO org.hibernate.cfg.annotations.EntityBinder - Bind entity com.mgiandia.library.domain.BorrowerCategory on table borrowercategories
700 [main] INFO org.hibernate.cfg.AnnotationBinder - Binding entity from annotated class: com.mgiandia.library.domain.Book
700 [main] INFO org.hibernate.cfg.annotations.EntityBinder - Bind entity com.mgiandia.library.domain.Book on table books
710 [main] INFO org.hibernate.cfg.AnnotationBinder - Binding entity from annotated class: com.mgiandia.library.domain.Loan
710 [main] INFO org.hibernate.cfg.annotations.EntityBinder - Bind entity com.mgiandia.library.domain.Loan on table loans
710 [main] INFO org.hibernate.cfg.AnnotationBinder - Binding entity from annotated class: com.mgiandia.library.domain.Author
710 [main] INFO org.hibernate.cfg.annotations.EntityBinder - Bind entity com.mgiandia.library.domain.Author on table authors
770 [main] INFO org.hibernate.cfg.annotations.CollectionBinder - Mapping collection: com.mgiandia.library.domain.Borrower.loans -> loans
770 [main] INFO org.hibernate.cfg.annotations.CollectionBinder - Mapping collection: com.mgiandia.library.domain.Book.items -> items
770 [main] INFO org.hibernate.cfg.AnnotationConfiguration - Hibernate Validator not found: ignoring
800 [main] INFO org.hibernate.cfg.search.HibernateSearchEventListenerRegister - Unable to find org.hibernate.search.event.FullTextIndexEventListener on the classpath. Hibernate Search is not enabled.
840 [main] INFO org.hibernate.connection.DriverManagerConnectionProvider - Using Hibernate built-in connection pool (not for production use!)
840 [main] INFO org.hibernate.connection.DriverManagerConnectionProvider - Hibernate connection pool size: 20
840 [main] INFO org.hibernate.connection.DriverManagerConnectionProvider - autocommit mode: true
850 [main] INFO org.hibernate.connection.DriverManagerConnectionProvider - using driver: org.h2.Driver at URL: jdbc:h2:./test
850 [main] INFO org.hibernate.connection.DriverManagerConnectionProvider - connection properties: {user=sa, autocommit=true, release_mode=auto}
1297 [main] INFO org.hibernate.cfg.SettingsFactory - RDBMS: H2, version: 1.2.135 (2010-05-08)
1297 [main] INFO org.hibernate.cfg.SettingsFactory - JDBC driver: H2 JDBC Driver, version: 1.2.135 (2010-05-08)
1317 [main] INFO org.hibernate.dialect.Dialect - Using dialect: org.hibernate.dialect.H2Dialect
1327 [main] INFO org.hibernate.engine.jdbc.JdbcSupportLoader - Disabling contextual LOB creation as JDBC driver reported JDBC version [3] less than 4
1327 [main] INFO org.hibernate.transaction.TransactionFactoryFactory - Transaction strategy: org.hibernate.transaction.JDBCTransactionFactory
1327 [main] INFO org.hibernate.transaction.TransactionManagerLookupFactory - No TransactionManagerLookup configured (in JTA environment, use of read-write or transactional second-level cache is not recommended)
1327 [main] INFO org.hibernate.cfg.SettingsFactory - Automatic flush during beforeCompletion(): disabled
1327 [main] INFO org.hibernate.cfg.SettingsFactory - Automatic session close at end of transaction: disabled
1327 [main] INFO org.hibernate.cfg.SettingsFactory - JDBC batch size: 15
1327 [main] INFO org.hibernate.cfg.SettingsFactory - JDBC batch updates for versioned data: disabled
1327 [main] INFO org.hibernate.cfg.SettingsFactory - Scrollable result sets: enabled
1327 [main] INFO org.hibernate.cfg.SettingsFactory - JDBC3 getGeneratedKeys(): enabled
1327 [main] INFO org.hibernate.cfg.SettingsFactory - Connection release mode: auto
1327 [main] INFO org.hibernate.cfg.SettingsFactory - Default batch fetch size: 1
1327 [main] INFO org.hibernate.cfg.SettingsFactory - Generate SQL with comments: disabled
1327 [main] INFO org.hibernate.cfg.SettingsFactory - Order SQL updates by primary key: disabled
1327 [main] INFO org.hibernate.cfg.SettingsFactory - Order SQL inserts for batching: disabled
1327 [main] INFO org.hibernate.cfg.SettingsFactory - Query translator: org.hibernate.hql.ast.ASTQueryTranslatorFactory
1327 [main] INFO org.hibernate.hql.ast.ASTQueryTranslatorFactory - Using ASTQueryTranslatorFactory
1327 [main] INFO org.hibernate.cfg.SettingsFactory - Query language substitutions: {}
1327 [main] INFO org.hibernate.cfg.SettingsFactory - JPA-QL strict compliance: enabled
1327 [main] INFO org.hibernate.cfg.SettingsFactory - Second-level cache: enabled
1327 [main] INFO org.hibernate.cfg.SettingsFactory - Query cache: disabled
1327 [main] INFO org.hibernate.cfg.SettingsFactory - Cache region factory : org.hibernate.cache.impl.NoCachingRegionFactory
1327 [main] INFO org.hibernate.cfg.SettingsFactory - Optimize cache for minimal puts: disabled
1327 [main] INFO org.hibernate.cfg.SettingsFactory - Structured second-level cache entries: disabled
1337 [main] INFO org.hibernate.cfg.SettingsFactory - Statistics: disabled
1337 [main] INFO org.hibernate.cfg.SettingsFactory - Deleted entity synthetic identifier rollback: disabled
1337 [main] INFO org.hibernate.cfg.SettingsFactory - Default entity-mode: pojo
1337 [main] INFO org.hibernate.cfg.SettingsFactory - Named query checking : enabled
1337 [main] INFO org.hibernate.cfg.SettingsFactory - Check Nullability in Core (should be disabled when Bean Validation is on): enabled
1367 [main] INFO org.hibernate.impl.SessionFactoryImpl - building session factory
1567 [main] INFO org.hibernate.impl.SessionFactoryObjectFactory - Not binding factory to JNDI, no JNDI name configured
1577 [main] INFO org.hibernate.tool.hbm2ddl.SchemaExport - Running hbm2ddl schema export
1577 [main] INFO org.hibernate.tool.hbm2ddl.SchemaExport - exporting generated schema to database
1627 [main] INFO org.hibernate.tool.hbm2ddl.SchemaExport - schema export complete
]]></system-err>
</testsuite>
