<?xml version="1.0" encoding="UTF-8" ?>
<testsuite errors="0" failures="0" hostname="NDIA-HOME" name="com.mgiandia.library.domain.BookTest" tests="10" time="0.13" timestamp="2012-10-27T16:27:31">
  <properties>
[...]
</properties>
  <testcase classname="com.mgiandia.library.domain.BookTest" name="succefulSetUp" time="0.04" />
  <testcase classname="com.mgiandia.library.domain.BookTest" name="addNullAsItem" time="0.0" />
  <testcase classname="com.mgiandia.library.domain.BookTest" name="addNullAsAuthor" time="0.0" />
  <testcase classname="com.mgiandia.library.domain.BookTest" name="addAuthor" time="0.0" />
  <testcase classname="com.mgiandia.library.domain.BookTest" name="removeNullAsItem" time="0.0" />
  <testcase classname="com.mgiandia.library.domain.BookTest" name="removeNullAsAuthor" time="0.0" />
  <testcase classname="com.mgiandia.library.domain.BookTest" name="removeAuthor" time="0.0" />
  <testcase classname="com.mgiandia.library.domain.BookTest" name="addingSameItemIntoTwoBooks" time="0.0" />
  <testcase classname="com.mgiandia.library.domain.BookTest" name="addItem" time="0.0" />
  <testcase classname="com.mgiandia.library.domain.BookTest" name="removeItem" time="0.0" />
  <system-out><![CDATA[collecting runtime coverage data ...
]]></system-out>
  <system-err><![CDATA[]]></system-err>
</testsuite>
