<?xml version="1.0" encoding="UTF-8" ?>
<testsuites>
  <testsuite errors="0" failures="0" hostname="NDIA-HOME" id="0" name="AddressTest" package="com.mgiandia.library.contacts" tests="2" time="0.06" timestamp="2012-10-27T16:25:57">
      <properties>
[...]
</properties>

      <testcase classname="com.mgiandia.library.contacts.AddressTest" name="testEqualsObject" time="0.0" />

      <testcase classname="com.mgiandia.library.contacts.AddressTest" name="testEqualsAndHashCode" time="0.01" />

      <system-out><![CDATA[]]></system-out>

      <system-err><![CDATA[]]></system-err>

  </testsuite>
  <testsuite errors="0" failures="0" hostname="NDIA-HOME" id="1" name="EMailTest" package="com.mgiandia.library.contacts" tests="1" time="0.0" timestamp="2012-10-27T16:25:57">
      <properties>
[...]
</properties>

      <testcase classname="com.mgiandia.library.contacts.EMailTest" name="equalsAndHashCode" time="0.0" />

      <system-out><![CDATA[]]></system-out>

      <system-err><![CDATA[]]></system-err>

  </testsuite>
  <testsuite errors="0" failures="0" hostname="NDIA-HOME" id="2" name="TelephoneNumberTest" package="com.mgiandia.library.contacts" tests="1" time="0.01" timestamp="2012-10-27T16:25:57">
      <properties>
[...]
</properties>

      <testcase classname="com.mgiandia.library.contacts.TelephoneNumberTest" name="equalsAndHashCode" time="0.0" />

      <system-out><![CDATA[]]></system-out>

      <system-err><![CDATA[]]></system-err>

  </testsuite>
  <testsuite errors="0" failures="0" hostname="NDIA-HOME" id="3" name="ZipCodeTest" package="com.mgiandia.library.contacts" tests="1" time="0.0" timestamp="2012-10-27T16:25:57">
      <properties>
[...]
</properties>

      <testcase classname="com.mgiandia.library.contacts.ZipCodeTest" name="equalsAndHashCode" time="0.0" />

      <system-out><![CDATA[]]></system-out>

      <system-err><![CDATA[]]></system-err>

  </testsuite>
  <testsuite errors="0" failures="0" hostname="NDIA-HOME" id="4" name="AuthorTest" package="com.mgiandia.library.domain" tests="4" time="0.01" timestamp="2012-10-27T16:25:57">
      <properties>
[...]
</properties>

      <testcase classname="com.mgiandia.library.domain.AuthorTest" name="addNullForBook" time="0.0" />

      <testcase classname="com.mgiandia.library.domain.AuthorTest" name="addBook" time="0.0" />

      <testcase classname="com.mgiandia.library.domain.AuthorTest" name="removeNullForBook" time="0.0" />

      <testcase classname="com.mgiandia.library.domain.AuthorTest" name="removeBook" time="0.0" />

      <system-out><![CDATA[]]></system-out>

      <system-err><![CDATA[]]></system-err>

  </testsuite>
  <testsuite errors="0" failures="0" hostname="NDIA-HOME" id="5" name="BookTest" package="com.mgiandia.library.domain" tests="10" time="0.01" timestamp="2012-10-27T16:25:57">
      <properties>
[...]
</properties>

      <testcase classname="com.mgiandia.library.domain.BookTest" name="addAuthor" time="0.01" />

      <testcase classname="com.mgiandia.library.domain.BookTest" name="removeAuthor" time="0.0" />

      <testcase classname="com.mgiandia.library.domain.BookTest" name="succefulSetUp" time="0.0" />

      <testcase classname="com.mgiandia.library.domain.BookTest" name="addNullAsItem" time="0.0" />

      <testcase classname="com.mgiandia.library.domain.BookTest" name="addNullAsAuthor" time="0.0" />

      <testcase classname="com.mgiandia.library.domain.BookTest" name="removeNullAsItem" time="0.0" />

      <testcase classname="com.mgiandia.library.domain.BookTest" name="removeNullAsAuthor" time="0.0" />

      <testcase classname="com.mgiandia.library.domain.BookTest" name="addingSameItemIntoTwoBooks" time="0.0" />

      <testcase classname="com.mgiandia.library.domain.BookTest" name="addItem" time="0.0" />

      <testcase classname="com.mgiandia.library.domain.BookTest" name="removeItem" time="0.0" />

      <system-out><![CDATA[]]></system-out>

      <system-err><![CDATA[]]></system-err>

  </testsuite>
  <testsuite errors="0" failures="0" hostname="NDIA-HOME" id="6" name="BorrowerCategoryTest" package="com.mgiandia.library.domain" tests="4" time="0.0" timestamp="2012-10-27T16:25:57">
      <properties>
[...]
</properties>

      <testcase classname="com.mgiandia.library.domain.BorrowerCategoryTest" name="canBorrow" time="0.0" />

      <testcase classname="com.mgiandia.library.domain.BorrowerCategoryTest" name="dueWhenLoanDateisNull" time="0.0" />

      <testcase classname="com.mgiandia.library.domain.BorrowerCategoryTest" name="dueWhenLendingDaysAre0" time="0.0" />

      <testcase classname="com.mgiandia.library.domain.BorrowerCategoryTest" name="dueWhenLendingDaysGreaterThan0" time="0.0" />

      <system-out><![CDATA[]]></system-out>

      <system-err><![CDATA[]]></system-err>

  </testsuite>
  <testsuite errors="0" failures="0" hostname="NDIA-HOME" id="7" name="BorrowerTest" package="com.mgiandia.library.domain" tests="9" time="0.01" timestamp="2012-10-27T16:25:57">
      <properties>
[...]
</properties>

      <testcase classname="com.mgiandia.library.domain.BorrowerTest" name="testAddress" time="0.01" />

      <testcase classname="com.mgiandia.library.domain.BorrowerTest" name="setLoanToBorrower" time="0.0" />

      <testcase classname="com.mgiandia.library.domain.BorrowerTest" name="setLoanToNewBorrower" time="0.0" />

      <testcase classname="com.mgiandia.library.domain.BorrowerTest" name="setLoanToNull" time="0.0" />

      <testcase classname="com.mgiandia.library.domain.BorrowerTest" name="canBorrowWhenBorrowerCategoryIsNull" time="0.0" />

      <testcase classname="com.mgiandia.library.domain.BorrowerTest" name="canBorrowWhenBorrowerCategoryIsSet" time="0.0" />

      <testcase classname="com.mgiandia.library.domain.BorrowerTest" name="canBorrowAfterALoan" time="0.0" />

      <testcase classname="com.mgiandia.library.domain.BorrowerTest" name="canBorrowExceeding" time="0.0" />

      <testcase classname="com.mgiandia.library.domain.BorrowerTest" name="testGetLoanDue" time="0.0" />

      <system-out><![CDATA[]]></system-out>

      <system-err><![CDATA[]]></system-err>

  </testsuite>
  <testsuite errors="0" failures="0" hostname="NDIA-HOME" id="8" name="ItemTest" package="com.mgiandia.library.domain" tests="8" time="0.01" timestamp="2012-10-27T16:25:57">
      <properties>
[...]
</properties>

      <testcase classname="com.mgiandia.library.domain.ItemTest" name="borrow" time="0.0" />

      <testcase classname="com.mgiandia.library.domain.ItemTest" name="borrowNoBorrower" time="0.0" />

      <testcase classname="com.mgiandia.library.domain.ItemTest" name="borrowNoBorrowerCategory" time="0.0" />

      <testcase classname="com.mgiandia.library.domain.ItemTest" name="fromNewToAvailable" time="0.0" />

      <testcase classname="com.mgiandia.library.domain.ItemTest" name="fromAvailableToLoaned" time="0.0" />

      <testcase classname="com.mgiandia.library.domain.ItemTest" name="fromLostToAvailable" time="0.0" />

      <testcase classname="com.mgiandia.library.domain.ItemTest" name="fromWithdrawnToAvailable" time="0.0" />

      <testcase classname="com.mgiandia.library.domain.ItemTest" name="getState" time="0.0" />

      <system-out><![CDATA[]]></system-out>

      <system-err><![CDATA[]]></system-err>

  </testsuite>
  <testsuite errors="0" failures="0" hostname="NDIA-HOME" id="9" name="LoanTest" package="com.mgiandia.library.domain" tests="10" time="0.02" timestamp="2012-10-27T16:25:58">
      <properties>
[...]
</properties>

      <testcase classname="com.mgiandia.library.domain.LoanTest" name="testDueDate" time="0.0" />

      <testcase classname="com.mgiandia.library.domain.LoanTest" name="testIsPending" time="0.0" />

      <testcase classname="com.mgiandia.library.domain.LoanTest" name="testReturnItem" time="0.0" />

      <testcase classname="com.mgiandia.library.domain.LoanTest" name="overdueWhenNoBorrowerDate" time="0.0" />

      <testcase classname="com.mgiandia.library.domain.LoanTest" name="overdueWhenSameWithLoanDate" time="0.0" />

      <testcase classname="com.mgiandia.library.domain.LoanTest" name="ovedueWhenNoMaxLedningDays" time="0.0" />

      <testcase classname="com.mgiandia.library.domain.LoanTest" name="testGetOverdue" time="0.0" />

      <testcase classname="com.mgiandia.library.domain.LoanTest" name="testNoFineWithUniformFineStrategy" time="0.01" />

      <testcase classname="com.mgiandia.library.domain.LoanTest" name="testNoFineWithRelaxedFineStrategy" time="0.0" />

      <testcase classname="com.mgiandia.library.domain.LoanTest" name="testNoFineWithStrictFineStrategy" time="0.0" />

      <system-out><![CDATA[]]></system-out>

      <system-err><![CDATA[]]></system-err>

  </testsuite>
  <testsuite errors="0" failures="0" hostname="NDIA-HOME" id="10" name="DAOTest" package="com.mgiandia.library.persistence" tests="11" time="2.869" timestamp="2012-10-27T16:25:58">
      <properties>
[...]
</properties>

      <testcase classname="com.mgiandia.library.persistence.DAOTest" name="findExistingBorrowerJpa" time="2.397" />

      <testcase classname="com.mgiandia.library.persistence.DAOTest" name="findNonExistingBorrowerJpa" time="0.02" />

      <testcase classname="com.mgiandia.library.persistence.DAOTest" name="listAllBorrowersJpa" time="0.302" />

      <testcase classname="com.mgiandia.library.persistence.DAOTest" name="saveBorrowerJpa" time="0.02" />

      <testcase classname="com.mgiandia.library.persistence.DAOTest" name="deleteBorrowerJpa" time="0.02" />

      <testcase classname="com.mgiandia.library.persistence.DAOTest" name="findExistingItemJpa" time="0.01" />

      <testcase classname="com.mgiandia.library.persistence.DAOTest" name="findNonExistingItemJpa" time="0.02" />

      <testcase classname="com.mgiandia.library.persistence.DAOTest" name="listAllItemsItemJpa" time="0.01" />

      <testcase classname="com.mgiandia.library.persistence.DAOTest" name="saveItemJpa" time="0.02" />

      <testcase classname="com.mgiandia.library.persistence.DAOTest" name="deleteItemJpa" time="0.02" />

      <testcase classname="com.mgiandia.library.persistence.DAOTest" name="saveLoanJpa" time="0.02" />

      <system-out><![CDATA[]]></system-out>

      <system-err><![CDATA[0 [main] INFO org.hibernate.cfg.annotations.Version - Hibernate Annotations 3.5.2-Final
20 [main] INFO org.hibernate.cfg.Environment - Hibernate 3.5.2-Final
20 [main] INFO org.hibernate.cfg.Environment - hibernate.properties not found
30 [main] INFO org.hibernate.cfg.Environment - Bytecode provider name : javassist
30 [main] INFO org.hibernate.cfg.Environment - using JDK 1.4 java.sql.Timestamp handling
190 [main] INFO org.hibernate.annotations.common.Version - Hibernate Commons Annotations 3.2.0.Final
200 [main] INFO org.hibernate.ejb.Version - Hibernate EntityManager 3.5.2-Final
660 [main] INFO org.hibernate.cfg.AnnotationBinder - Binding entity from annotated class: com.mgiandia.library.domain.Loan
720 [main] INFO org.hibernate.cfg.annotations.EntityBinder - Bind entity com.mgiandia.library.domain.Loan on table loans
790 [main] INFO org.hibernate.cfg.AnnotationBinder - Binding entity from annotated class: com.mgiandia.library.domain.Author
790 [main] INFO org.hibernate.cfg.annotations.EntityBinder - Bind entity com.mgiandia.library.domain.Author on table authors
840 [main] INFO org.hibernate.cfg.AnnotationBinder - Binding entity from annotated class: com.mgiandia.library.domain.Item
840 [main] INFO org.hibernate.cfg.annotations.EntityBinder - Bind entity com.mgiandia.library.domain.Item on table items
850 [main] INFO org.hibernate.cfg.AnnotationBinder - Binding entity from annotated class: com.mgiandia.library.domain.Book
850 [main] INFO org.hibernate.cfg.annotations.EntityBinder - Bind entity com.mgiandia.library.domain.Book on table books
860 [main] INFO org.hibernate.cfg.AnnotationBinder - Binding entity from annotated class: com.mgiandia.library.domain.Publisher
860 [main] INFO org.hibernate.cfg.annotations.EntityBinder - Bind entity com.mgiandia.library.domain.Publisher on table publishers
860 [main] INFO org.hibernate.cfg.AnnotationBinder - Binding entity from annotated class: com.mgiandia.library.domain.Borrower
860 [main] INFO org.hibernate.cfg.annotations.EntityBinder - Bind entity com.mgiandia.library.domain.Borrower on table borrowers
870 [main] INFO org.hibernate.cfg.AnnotationBinder - Binding entity from annotated class: com.mgiandia.library.domain.BorrowerCategory
870 [main] INFO org.hibernate.cfg.annotations.EntityBinder - Bind entity com.mgiandia.library.domain.BorrowerCategory on table borrowercategories
960 [main] INFO org.hibernate.cfg.annotations.CollectionBinder - Mapping collection: com.mgiandia.library.domain.Book.items -> items
960 [main] INFO org.hibernate.cfg.annotations.CollectionBinder - Mapping collection: com.mgiandia.library.domain.Borrower.loans -> loans
960 [main] INFO org.hibernate.cfg.AnnotationConfiguration - Hibernate Validator not found: ignoring
990 [main] INFO org.hibernate.cfg.search.HibernateSearchEventListenerRegister - Unable to find org.hibernate.search.event.FullTextIndexEventListener on the classpath. Hibernate Search is not enabled.
1050 [main] INFO org.hibernate.connection.DriverManagerConnectionProvider - Using Hibernate built-in connection pool (not for production use!)
1050 [main] INFO org.hibernate.connection.DriverManagerConnectionProvider - Hibernate connection pool size: 20
1050 [main] INFO org.hibernate.connection.DriverManagerConnectionProvider - autocommit mode: true
1050 [main] INFO org.hibernate.connection.DriverManagerConnectionProvider - using driver: org.h2.Driver at URL: jdbc:h2:./test
1050 [main] INFO org.hibernate.connection.DriverManagerConnectionProvider - connection properties: {user=sa, autocommit=true, release_mode=auto}
1567 [main] INFO org.hibernate.cfg.SettingsFactory - RDBMS: H2, version: 1.2.135 (2010-05-08)
1567 [main] INFO org.hibernate.cfg.SettingsFactory - JDBC driver: H2 JDBC Driver, version: 1.2.135 (2010-05-08)
1597 [main] INFO org.hibernate.dialect.Dialect - Using dialect: org.hibernate.dialect.H2Dialect
1607 [main] INFO org.hibernate.engine.jdbc.JdbcSupportLoader - Disabling contextual LOB creation as JDBC driver reported JDBC version [3] less than 4
1607 [main] INFO org.hibernate.transaction.TransactionFactoryFactory - Transaction strategy: org.hibernate.transaction.JDBCTransactionFactory
1607 [main] INFO org.hibernate.transaction.TransactionManagerLookupFactory - No TransactionManagerLookup configured (in JTA environment, use of read-write or transactional second-level cache is not recommended)
1607 [main] INFO org.hibernate.cfg.SettingsFactory - Automatic flush during beforeCompletion(): disabled
1607 [main] INFO org.hibernate.cfg.SettingsFactory - Automatic session close at end of transaction: disabled
1607 [main] INFO org.hibernate.cfg.SettingsFactory - JDBC batch size: 15
1607 [main] INFO org.hibernate.cfg.SettingsFactory - JDBC batch updates for versioned data: disabled
1607 [main] INFO org.hibernate.cfg.SettingsFactory - Scrollable result sets: enabled
1607 [main] INFO org.hibernate.cfg.SettingsFactory - JDBC3 getGeneratedKeys(): enabled
1607 [main] INFO org.hibernate.cfg.SettingsFactory - Connection release mode: auto
1617 [main] INFO org.hibernate.cfg.SettingsFactory - Default batch fetch size: 1
1617 [main] INFO org.hibernate.cfg.SettingsFactory - Generate SQL with comments: disabled
1617 [main] INFO org.hibernate.cfg.SettingsFactory - Order SQL updates by primary key: disabled
1617 [main] INFO org.hibernate.cfg.SettingsFactory - Order SQL inserts for batching: disabled
1617 [main] INFO org.hibernate.cfg.SettingsFactory - Query translator: org.hibernate.hql.ast.ASTQueryTranslatorFactory
1617 [main] INFO org.hibernate.hql.ast.ASTQueryTranslatorFactory - Using ASTQueryTranslatorFactory
1617 [main] INFO org.hibernate.cfg.SettingsFactory - Query language substitutions: {}
1617 [main] INFO org.hibernate.cfg.SettingsFactory - JPA-QL strict compliance: enabled
1617 [main] INFO org.hibernate.cfg.SettingsFactory - Second-level cache: enabled
1617 [main] INFO org.hibernate.cfg.SettingsFactory - Query cache: disabled
1617 [main] INFO org.hibernate.cfg.SettingsFactory - Cache region factory : org.hibernate.cache.impl.NoCachingRegionFactory
1617 [main] INFO org.hibernate.cfg.SettingsFactory - Optimize cache for minimal puts: disabled
1617 [main] INFO org.hibernate.cfg.SettingsFactory - Structured second-level cache entries: disabled
1627 [main] INFO org.hibernate.cfg.SettingsFactory - Statistics: disabled
1627 [main] INFO org.hibernate.cfg.SettingsFactory - Deleted entity synthetic identifier rollback: disabled
1627 [main] INFO org.hibernate.cfg.SettingsFactory - Default entity-mode: pojo
1627 [main] INFO org.hibernate.cfg.SettingsFactory - Named query checking : enabled
1627 [main] INFO org.hibernate.cfg.SettingsFactory - Check Nullability in Core (should be disabled when Bean Validation is on): enabled
1667 [main] INFO org.hibernate.impl.SessionFactoryImpl - building session factory
1927 [main] INFO org.hibernate.impl.SessionFactoryObjectFactory - Not binding factory to JNDI, no JNDI name configured
1947 [main] INFO org.hibernate.tool.hbm2ddl.SchemaExport - Running hbm2ddl schema export
1947 [main] INFO org.hibernate.tool.hbm2ddl.SchemaExport - exporting generated schema to database
2007 [main] INFO org.hibernate.tool.hbm2ddl.SchemaExport - schema export complete
]]></system-err>

  </testsuite>
  <testsuite errors="0" failures="0" hostname="NDIA-HOME" id="11" name="JPAQueriesTest" package="com.mgiandia.library.persistence" tests="6" time="0.13" timestamp="2012-10-27T16:26:00">
      <properties>
[...]
</properties>

      <testcase classname="com.mgiandia.library.persistence.JPAQueriesTest" name="innerJoin" time="0.02" />

      <testcase classname="com.mgiandia.library.persistence.JPAQueriesTest" name="outerJoin" time="0.02" />

      <testcase classname="com.mgiandia.library.persistence.JPAQueriesTest" name="implicitJoin" time="0.02" />

      <testcase classname="com.mgiandia.library.persistence.JPAQueriesTest" name="simpleQuery" time="0.02" />

      <testcase classname="com.mgiandia.library.persistence.JPAQueriesTest" name="restrictionQuery" time="0.02" />

      <testcase classname="com.mgiandia.library.persistence.JPAQueriesTest" name="implicitJoin2" time="0.02" />

      <system-out><![CDATA[]]></system-out>

      <system-err><![CDATA[]]></system-err>

  </testsuite>
  <testsuite errors="0" failures="0" hostname="NDIA-HOME" id="12" name="LoanServiceTest" package="com.mgiandia.library.service" tests="3" time="0.04" timestamp="2012-10-27T16:26:01">
      <properties>
[...]
</properties>

      <testcase classname="com.mgiandia.library.service.LoanServiceTest" name="noBorrowerJpa" time="0.01" />

      <testcase classname="com.mgiandia.library.service.LoanServiceTest" name="testBorrowJpa" time="0.01" />

      <testcase classname="com.mgiandia.library.service.LoanServiceTest" name="borrowDataBaseJpa" time="0.01" />

      <system-out><![CDATA[]]></system-out>

      <system-err><![CDATA[]]></system-err>

  </testsuite>
  <testsuite errors="0" failures="0" hostname="NDIA-HOME" id="13" name="NotificationServiceTest" package="com.mgiandia.library.service" tests="1" time="0.03" timestamp="2012-10-27T16:26:01">
      <properties>
[...]
</properties>

      <testcase classname="com.mgiandia.library.service.NotificationServiceTest" name="sendMessageOnOverdueJpa" time="0.03" />

      <system-out><![CDATA[]]></system-out>

      <system-err><![CDATA[]]></system-err>

  </testsuite>
  <testsuite errors="0" failures="0" hostname="NDIA-HOME" id="14" name="ReturnServiceTest" package="com.mgiandia.library.service" tests="4" time="0.06" timestamp="2012-10-27T16:26:01">
      <properties>
[...]
</properties>

      <testcase classname="com.mgiandia.library.service.ReturnServiceTest" name="returnWhenNoLoanExistJpa" time="0.01" />

      <testcase classname="com.mgiandia.library.service.ReturnServiceTest" name="confirmReturnedItemJpa" time="0.02" />

      <testcase classname="com.mgiandia.library.service.ReturnServiceTest" name="returnNoFineJpa" time="0.01" />

      <testcase classname="com.mgiandia.library.service.ReturnServiceTest" name="returnWithFineJpa" time="0.01" />

      <system-out><![CDATA[]]></system-out>

      <system-err><![CDATA[]]></system-err>

  </testsuite>
  <testsuite errors="0" failures="0" hostname="NDIA-HOME" id="15" name="BorrowerListPresenterTest" package="com.mgiandia.library.ui" tests="4" time="0.04" timestamp="2012-10-27T16:26:01">
      <properties>
[...]
</properties>

      <testcase classname="com.mgiandia.library.ui.BorrowerListPresenterTest" name="wiring" time="0.02" />

      <testcase classname="com.mgiandia.library.ui.BorrowerListPresenterTest" name="editSelected" time="0.01" />

      <testcase classname="com.mgiandia.library.ui.BorrowerListPresenterTest" name="add" time="0.0" />

      <testcase classname="com.mgiandia.library.ui.BorrowerListPresenterTest" name="refresh" time="0.01" />

      <system-out><![CDATA[]]></system-out>

      <system-err><![CDATA[]]></system-err>

  </testsuite>
  <testsuite errors="0" failures="0" hostname="NDIA-HOME" id="16" name="BorrowerPresenterTest" package="com.mgiandia.library.ui" tests="4" time="0.03" timestamp="2012-10-27T16:26:01">
      <properties>
[...]
</properties>

      <testcase classname="com.mgiandia.library.ui.BorrowerPresenterTest" name="wiring" time="0.01" />

      <testcase classname="com.mgiandia.library.ui.BorrowerPresenterTest" name="setBorrowerAndSave" time="0.01" />

      <testcase classname="com.mgiandia.library.ui.BorrowerPresenterTest" name="setBorrowerAndCancel" time="0.0" />

      <testcase classname="com.mgiandia.library.ui.BorrowerPresenterTest" name="changeBorrowerInfoAndSave" time="0.01" />

      <system-out><![CDATA[]]></system-out>

      <system-err><![CDATA[]]></system-err>

  </testsuite>
  <testsuite errors="0" failures="0" hostname="NDIA-HOME" id="17" name="LoanPresenterTest" package="com.mgiandia.library.ui" tests="7" time="0.07" timestamp="2012-10-27T16:26:01">
      <properties>
[...]
</properties>

      <testcase classname="com.mgiandia.library.ui.LoanPresenterTest" name="wiring" time="0.02" />

      <testcase classname="com.mgiandia.library.ui.LoanPresenterTest" name="findBorrowerWhenIdDoesNotExist" time="0.0" />

      <testcase classname="com.mgiandia.library.ui.LoanPresenterTest" name="findBorrowerWhenIdExists" time="0.01" />

      <testcase classname="com.mgiandia.library.ui.LoanPresenterTest" name="findItemWhenIdDoesNotExist" time="0.01" />

      <testcase classname="com.mgiandia.library.ui.LoanPresenterTest" name="findItemWhenIdExists" time="0.01" />

      <testcase classname="com.mgiandia.library.ui.LoanPresenterTest" name="performLoan" time="0.01" />

      <testcase classname="com.mgiandia.library.ui.LoanPresenterTest" name="cancel" time="0.01" />

      <system-out><![CDATA[]]></system-out>

      <system-err><![CDATA[]]></system-err>

  </testsuite>
  <testsuite errors="0" failures="0" hostname="NDIA-HOME" id="18" name="ReturnPresenterTest" package="com.mgiandia.library.ui" tests="5" time="0.05" timestamp="2012-10-27T16:26:01">
      <properties>
[...]
</properties>

      <testcase classname="com.mgiandia.library.ui.ReturnPresenterTest" name="wiring" time="0.0" />

      <testcase classname="com.mgiandia.library.ui.ReturnPresenterTest" name="findPendingLoanWhenIdDoesNotExist" time="0.01" />

      <testcase classname="com.mgiandia.library.ui.ReturnPresenterTest" name="returnItemNoFine" time="0.01" />

      <testcase classname="com.mgiandia.library.ui.ReturnPresenterTest" name="returnItemWithFine" time="0.01" />

      <testcase classname="com.mgiandia.library.ui.ReturnPresenterTest" name="cancel" time="0.01" />

      <system-out><![CDATA[]]></system-out>

      <system-err><![CDATA[]]></system-err>

  </testsuite>
  <testsuite errors="0" failures="0" hostname="NDIA-HOME" id="19" name="BorrowerListPresenterTest" package="com.mgiandia.library.uimock" tests="4" time="0.08" timestamp="2012-10-27T16:26:01">
      <properties>
[...]
</properties>

      <testcase classname="com.mgiandia.library.uimock.BorrowerListPresenterTest" name="wiring" time="0.04" />

      <testcase classname="com.mgiandia.library.uimock.BorrowerListPresenterTest" name="editSelected" time="0.02" />

      <testcase classname="com.mgiandia.library.uimock.BorrowerListPresenterTest" name="add" time="0.0" />

      <testcase classname="com.mgiandia.library.uimock.BorrowerListPresenterTest" name="refresh" time="0.01" />

      <system-out><![CDATA[]]></system-out>

      <system-err><![CDATA[]]></system-err>

  </testsuite>
  <testsuite errors="0" failures="0" hostname="NDIA-HOME" id="20" name="BorrowerPresenterTest" package="com.mgiandia.library.uimock" tests="4" time="0.03" timestamp="2012-10-27T16:26:01">
      <properties>
[...]
</properties>

      <testcase classname="com.mgiandia.library.uimock.BorrowerPresenterTest" name="wiring" time="0.0" />

      <testcase classname="com.mgiandia.library.uimock.BorrowerPresenterTest" name="setBorrowerAndSave" time="0.01" />

      <testcase classname="com.mgiandia.library.uimock.BorrowerPresenterTest" name="setBorrowerAndCancel" time="0.01" />

      <testcase classname="com.mgiandia.library.uimock.BorrowerPresenterTest" name="changeBorrowerInfoAndSave" time="0.0" />

      <system-out><![CDATA[]]></system-out>

      <system-err><![CDATA[]]></system-err>

  </testsuite>
  <testsuite errors="0" failures="0" hostname="NDIA-HOME" id="21" name="LoanPresenterTest" package="com.mgiandia.library.uimock" tests="7" time="0.052" timestamp="2012-10-27T16:26:01">
      <properties>
[...]
</properties>

      <testcase classname="com.mgiandia.library.uimock.LoanPresenterTest" name="findBorrowerWhenIdDoesNotExist" time="0.01" />

      <testcase classname="com.mgiandia.library.uimock.LoanPresenterTest" name="findBorrowerWhenIdExists" time="0.01" />

      <testcase classname="com.mgiandia.library.uimock.LoanPresenterTest" name="findItemWhenIdDoesNotExist" time="0.0" />

      <testcase classname="com.mgiandia.library.uimock.LoanPresenterTest" name="findItemWhenIdExists" time="0.014" />

      <testcase classname="com.mgiandia.library.uimock.LoanPresenterTest" name="performLoan" time="0.0080" />

      <testcase classname="com.mgiandia.library.uimock.LoanPresenterTest" name="wirining" time="0.0050" />

      <testcase classname="com.mgiandia.library.uimock.LoanPresenterTest" name="cancel" time="0.0050" />

      <system-out><![CDATA[]]></system-out>

      <system-err><![CDATA[]]></system-err>

  </testsuite>
  <testsuite errors="0" failures="0" hostname="NDIA-HOME" id="22" name="ReturnPresenterTest" package="com.mgiandia.library.uimock" tests="5" time="0.04" timestamp="2012-10-27T16:26:01">
      <properties>
[...]
</properties>

      <testcase classname="com.mgiandia.library.uimock.ReturnPresenterTest" name="wiring" time="0.01" />

      <testcase classname="com.mgiandia.library.uimock.ReturnPresenterTest" name="findPendingLoanWhenIdDoesNotExist" time="0.01" />

      <testcase classname="com.mgiandia.library.uimock.ReturnPresenterTest" name="returnItemNoFine" time="0.01" />

      <testcase classname="com.mgiandia.library.uimock.ReturnPresenterTest" name="returnItemWithFine" time="0.01" />

      <testcase classname="com.mgiandia.library.uimock.ReturnPresenterTest" name="cancel" time="0.0" />

      <system-out><![CDATA[]]></system-out>

      <system-err><![CDATA[]]></system-err>

  </testsuite>
  <testsuite errors="0" failures="0" hostname="NDIA-HOME" id="23" name="MoneyTest" package="com.mgiandia.library.util" tests="7" time="0.0" timestamp="2012-10-27T16:26:01">
      <properties>
[...]
</properties>

      <testcase classname="com.mgiandia.library.util.MoneyTest" name="equalsAndHashCode" time="0.0" />

      <testcase classname="com.mgiandia.library.util.MoneyTest" name="plusSameCurrencies" time="0.0" />

      <testcase classname="com.mgiandia.library.util.MoneyTest" name="plusDifferentCurrencies" time="0.0" />

      <testcase classname="com.mgiandia.library.util.MoneyTest" name="minusSameCurrencies" time="0.0" />

      <testcase classname="com.mgiandia.library.util.MoneyTest" name="minusDifferentCurrencies" time="0.0" />

      <testcase classname="com.mgiandia.library.util.MoneyTest" name="divide" time="0.0" />

      <testcase classname="com.mgiandia.library.util.MoneyTest" name="multiply" time="0.0" />

      <system-out><![CDATA[]]></system-out>

      <system-err><![CDATA[]]></system-err>

  </testsuite>
  <testsuite errors="0" failures="0" hostname="NDIA-HOME" id="24" name="SimpleCalendarTest" package="com.mgiandia.library.util" tests="8" time="0.0" timestamp="2012-10-27T16:26:01">
      <properties>
[...]
</properties>

      <testcase classname="com.mgiandia.library.util.SimpleCalendarTest" name="equalsAndHashCode" time="0.0" />

      <testcase classname="com.mgiandia.library.util.SimpleCalendarTest" name="addDays" time="0.0" />

      <testcase classname="com.mgiandia.library.util.SimpleCalendarTest" name="getJavaCalendar" time="0.0" />

      <testcase classname="com.mgiandia.library.util.SimpleCalendarTest" name="duration" time="0.0" />

      <testcase classname="com.mgiandia.library.util.SimpleCalendarTest" name="creation" time="0.0" />

      <testcase classname="com.mgiandia.library.util.SimpleCalendarTest" name="creationFormCalendar" time="0.0" />

      <testcase classname="com.mgiandia.library.util.SimpleCalendarTest" name="preserveDateInvirant" time="0.0" />

      <testcase classname="com.mgiandia.library.util.SimpleCalendarTest" name="beforeAndAfter" time="0.0" />

      <system-out><![CDATA[]]></system-out>

      <system-err><![CDATA[]]></system-err>

  </testsuite>
  <testsuite errors="0" failures="0" hostname="NDIA-HOME" id="25" name="SystemDateStubTest" package="com.mgiandia.library.util" tests="3" time="0.0" timestamp="2012-10-27T16:26:01">
      <properties>
[...]
</properties>

      <testcase classname="com.mgiandia.library.util.SystemDateStubTest" name="testWithoutStub" time="0.0" />

      <testcase classname="com.mgiandia.library.util.SystemDateStubTest" name="testWithStub" time="0.0" />

      <testcase classname="com.mgiandia.library.util.SystemDateStubTest" name="switchStubUsage" time="0.0" />

      <system-out><![CDATA[]]></system-out>

      <system-err><![CDATA[]]></system-err>

  </testsuite>
</testsuites>
